[12/05/2020, 03:29:15 PM] PRINT INFO: 
[12/05/2020, 03:29:15 PM] PRINT  
[12/05/2020, 03:29:15 PM] PRINT Starting restful server...
[12/05/2020, 03:29:16 PM] PRINT INFO: 
[12/05/2020, 03:29:16 PM] PRINT  
[12/05/2020, 03:29:16 PM] PRINT Successfully started Restful server!
[12/05/2020, 03:29:16 PM] PRINT INFO: 
[12/05/2020, 03:29:16 PM] PRINT  
[12/05/2020, 03:29:16 PM] PRINT Setting local config...
[12/05/2020, 03:29:16 PM] PRINT INFO: 
[12/05/2020, 03:29:16 PM] PRINT  
[12/05/2020, 03:29:16 PM] PRINT Successfully set local config!
[12/05/2020, 03:29:16 PM] PRINT INFO: 
[12/05/2020, 03:29:16 PM] PRINT  
[12/05/2020, 03:29:16 PM] PRINT Starting experiment...
[12/05/2020, 03:29:16 PM] PRINT INFO: 
[12/05/2020, 03:29:16 PM] PRINT  
[12/05/2020, 03:29:16 PM] PRINT [32mSuccessfully started experiment!
[39m------------------------------------------------------------------------------------
The experiment id is B0I2akSe
The Web UI urls are: http://127.0.0.1:8080   http://172.17.37.54:8080
------------------------------------------------------------------------------------

You can use these commands to get more information about the experiment
------------------------------------------------------------------------------------
         commands                       description
1. nnictl experiment show        show the information of experiments
2. nnictl trial ls               list all of trial jobs
3. nnictl top                    monitor the status of running experiments
4. nnictl log stderr             show stderr log content
5. nnictl log stdout             show stdout log content
6. nnictl stop                   stop an experiment
7. nnictl trial kill             kill a trial job by id
8. nnictl --help                 get help information about nnictl
------------------------------------------------------------------------------------
Command reference document https://nni.readthedocs.io/en/latest/Tutorial/Nnictl.html
------------------------------------------------------------------------------------

